[33mThe CJS build of Vite's Node API is deprecated. See https://vite.dev/guide/troubleshooting.html#vite-cjs-node-api-deprecated for more details.[39m
Browserslist: browsers data (caniuse-lite) is 6 months old. Please run:
  npx update-browserslist-db@latest
  Why you should do it regularly: https://github.com/browserslist/update-db#readme
[2m2:56:02 PM[22m [31m[1m[vite][22m[39m Pre-transform error: [postcss] C:/Users/Saeed/Personal_Files/CodeDevelope/MyWebsite/src/pages/WorkStory/WorkStory.module.css:7348:1: Unclosed block
[2m2:56:02 PM[22m [31m[1m[vite][22m[39m [31mInternal server error: [postcss] C:/Users/Saeed/Personal_Files/CodeDevelope/MyWebsite/src/pages/WorkStory/WorkStory.module.css:7348:1: Unclosed block[39m
  Plugin: [35mvite:css[39m
  File: [36mC:/Users/Saeed/Personal_Files/CodeDevelope/MyWebsite/src/pages/WorkStory/WorkStory.module.css[39m:7348:0
[33m  7346|  }
  7347|  
  7348|  .heroActions a:active {
     |  ^
  7349|    transform: translate3d(0, -1px, 0) scale(0.975);
  7350|    transition-duration: var(--motion-quick);[39m
      at Input.error (C:\Users\Saeed\Personal_Files\CodeDevelope\MyWebsite\node_modules\postcss\lib\input.js:135:16)
      at Parser.unclosedBlock (C:\Users\Saeed\Personal_Files\CodeDevelope\MyWebsite\node_modules\postcss\lib\parser.js:575:22)
      at Parser.endFile (C:\Users\Saeed\Personal_Files\CodeDevelope\MyWebsite\node_modules\postcss\lib\parser.js:335:35)
      at Parser.parse (C:\Users\Saeed\Personal_Files\CodeDevelope\MyWebsite\node_modules\postcss\lib\parser.js:476:10)
      at parse (C:\Users\Saeed\Personal_Files\CodeDevelope\MyWebsite\node_modules\postcss\lib\parse.js:11:12)
      at new LazyResult (C:\Users\Saeed\Personal_Files\CodeDevelope\MyWebsite\node_modules\postcss\lib\lazy-result.js:165:16)
      at Processor.process (C:\Users\Saeed\Personal_Files\CodeDevelope\MyWebsite\node_modules\postcss\lib\processor.js:53:14)
      at compileCSS (file:///C:/Users/Saeed/Personal_Files/CodeDevelope/MyWebsite/node_modules/vite/dist/node/chunks/dep-BK3b2jBa.js:36898:59)
      at async TransformPluginContext.transform (file:///C:/Users/Saeed/Personal_Files/CodeDevelope/MyWebsite/node_modules/vite/dist/node/chunks/dep-BK3b2jBa.js:36171:11)
      at async PluginContainer.transform (file:///C:/Users/Saeed/Personal_Files/CodeDevelope/MyWebsite/node_modules/vite/dist/node/chunks/dep-BK3b2jBa.js:49099:18)
      at async loadAndTransform (file:///C:/Users/Saeed/Personal_Files/CodeDevelope/MyWebsite/node_modules/vite/dist/node/chunks/dep-BK3b2jBa.js:51978:27)
      at async viteTransformMiddleware (file:///C:/Users/Saeed/Personal_Files/CodeDevelope/MyWebsite/node_modules/vite/dist/node/chunks/dep-BK3b2jBa.js:62106:24)
[2m2:56:02 PM[22m [31m[1m[vite][22m[39m [31mInternal server error: [postcss] C:/Users/Saeed/Personal_Files/CodeDevelope/MyWebsite/src/pages/WorkStory/WorkStory.module.css:7348:1: Unclosed block[39m
  Plugin: [35mvite:css[39m
  File: [36mC:/Users/Saeed/Personal_Files/CodeDevelope/MyWebsite/src/pages/WorkStory/WorkStory.module.css[39m:7348:0
[33m  7346|  }
  7347|  
  7348|  .heroActions a:active {
     |  ^
  7349|    transform: translate3d(0, -1px, 0) scale(0.975);
  7350|    transition-duration: var(--motion-quick);[39m
      at Input.error (C:\Users\Saeed\Personal_Files\CodeDevelope\MyWebsite\node_modules\postcss\lib\input.js:135:16)
      at Parser.unclosedBlock (C:\Users\Saeed\Personal_Files\CodeDevelope\MyWebsite\node_modules\postcss\lib\parser.js:575:22)
      at Parser.endFile (C:\Users\Saeed\Personal_Files\CodeDevelope\MyWebsite\node_modules\postcss\lib\parser.js:335:35)
      at Parser.parse (C:\Users\Saeed\Personal_Files\CodeDevelope\MyWebsite\node_modules\postcss\lib\parser.js:476:10)
      at parse (C:\Users\Saeed\Personal_Files\CodeDevelope\MyWebsite\node_modules\postcss\lib\parse.js:11:12)
      at new LazyResult (C:\Users\Saeed\Personal_Files\CodeDevelope\MyWebsite\node_modules\postcss\lib\lazy-result.js:165:16)
      at Processor.process (C:\Users\Saeed\Personal_Files\CodeDevelope\MyWebsite\node_modules\postcss\lib\processor.js:53:14)
      at compileCSS (file:///C:/Users/Saeed/Personal_Files/CodeDevelope/MyWebsite/node_modules/vite/dist/node/chunks/dep-BK3b2jBa.js:36898:59)
      at async TransformPluginContext.transform (file:///C:/Users/Saeed/Personal_Files/CodeDevelope/MyWebsite/node_modules/vite/dist/node/chunks/dep-BK3b2jBa.js:36171:11)
      at async PluginContainer.transform (file:///C:/Users/Saeed/Personal_Files/CodeDevelope/MyWebsite/node_modules/vite/dist/node/chunks/dep-BK3b2jBa.js:49099:18)
      at async loadAndTransform (file:///C:/Users/Saeed/Personal_Files/CodeDevelope/MyWebsite/node_modules/vite/dist/node/chunks/dep-BK3b2jBa.js:51978:27)
      at async viteTransformMiddleware (file:///C:/Users/Saeed/Personal_Files/CodeDevelope/MyWebsite/node_modules/vite/dist/node/chunks/dep-BK3b2jBa.js:62106:24)
[2m2:58:00 PM[22m [31m[1m[vite][22m[39m Pre-transform error: [postcss] C:/Users/Saeed/Personal_Files/CodeDevelope/MyWebsite/src/pages/WorkStory/WorkStory.module.css:8128:1: Unexpected }
[2m2:58:00 PM[22m [31m[1m[vite][22m[39m [31mInternal server error: [postcss] C:/Users/Saeed/Personal_Files/CodeDevelope/MyWebsite/src/pages/WorkStory/WorkStory.module.css:8128:1: Unexpected }[39m
  Plugin: [35mvite:css[39m
  File: [36mC:/Users/Saeed/Personal_Files/CodeDevelope/MyWebsite/src/pages/WorkStory/WorkStory.module.css[39m:8128:0
[33m  8126|      transform: translateX(-50%);
  8127|    }
  8128|  }
     |  ^
  8129|  [39m
      at Input.error (C:\Users\Saeed\Personal_Files\CodeDevelope\MyWebsite\node_modules\postcss\lib\input.js:135:16)
      at Parser.unexpectedClose (C:\Users\Saeed\Personal_Files\CodeDevelope\MyWebsite\node_modules\postcss\lib\parser.js:587:22)
      at Parser.end (C:\Users\Saeed\Personal_Files\CodeDevelope\MyWebsite\node_modules\postcss\lib\parser.js:330:12)
      at Parser.parse (C:\Users\Saeed\Personal_Files\CodeDevelope\MyWebsite\node_modules\postcss\lib\parser.js:456:16)
      at parse (C:\Users\Saeed\Personal_Files\CodeDevelope\MyWebsite\node_modules\postcss\lib\parse.js:11:12)
      at new LazyResult (C:\Users\Saeed\Personal_Files\CodeDevelope\MyWebsite\node_modules\postcss\lib\lazy-result.js:165:16)
      at Processor.process (C:\Users\Saeed\Personal_Files\CodeDevelope\MyWebsite\node_modules\postcss\lib\processor.js:53:14)
      at compileCSS (file:///C:/Users/Saeed/Personal_Files/CodeDevelope/MyWebsite/node_modules/vite/dist/node/chunks/dep-BK3b2jBa.js:36898:59)
      at async TransformPluginContext.transform (file:///C:/Users/Saeed/Personal_Files/CodeDevelope/MyWebsite/node_modules/vite/dist/node/chunks/dep-BK3b2jBa.js:36171:11)
      at async PluginContainer.transform (file:///C:/Users/Saeed/Personal_Files/CodeDevelope/MyWebsite/node_modules/vite/dist/node/chunks/dep-BK3b2jBa.js:49099:18)
      at async loadAndTransform (file:///C:/Users/Saeed/Personal_Files/CodeDevelope/MyWebsite/node_modules/vite/dist/node/chunks/dep-BK3b2jBa.js:51978:27)
      at async viteTransformMiddleware (file:///C:/Users/Saeed/Personal_Files/CodeDevelope/MyWebsite/node_modules/vite/dist/node/chunks/dep-BK3b2jBa.js:62106:24)
[2m2:58:00 PM[22m [31m[1m[vite][22m[39m [31mInternal server error: [postcss] C:/Users/Saeed/Personal_Files/CodeDevelope/MyWebsite/src/pages/WorkStory/WorkStory.module.css:8128:1: Unexpected }[39m
  Plugin: [35mvite:css[39m
  File: [36mC:/Users/Saeed/Personal_Files/CodeDevelope/MyWebsite/src/pages/WorkStory/WorkStory.module.css[39m:8128:0
[33m  8126|      transform: translateX(-50%);
  8127|    }
  8128|  }
     |  ^
  8129|  [39m
      at Input.error (C:\Users\Saeed\Personal_Files\CodeDevelope\MyWebsite\node_modules\postcss\lib\input.js:135:16)
      at Parser.unexpectedClose (C:\Users\Saeed\Personal_Files\CodeDevelope\MyWebsite\node_modules\postcss\lib\parser.js:587:22)
      at Parser.end (C:\Users\Saeed\Personal_Files\CodeDevelope\MyWebsite\node_modules\postcss\lib\parser.js:330:12)
      at Parser.parse (C:\Users\Saeed\Personal_Files\CodeDevelope\MyWebsite\node_modules\postcss\lib\parser.js:456:16)
      at parse (C:\Users\Saeed\Personal_Files\CodeDevelope\MyWebsite\node_modules\postcss\lib\parse.js:11:12)
      at new LazyResult (C:\Users\Saeed\Personal_Files\CodeDevelope\MyWebsite\node_modules\postcss\lib\lazy-result.js:165:16)
      at Processor.process (C:\Users\Saeed\Personal_Files\CodeDevelope\MyWebsite\node_modules\postcss\lib\processor.js:53:14)
      at compileCSS (file:///C:/Users/Saeed/Personal_Files/CodeDevelope/MyWebsite/node_modules/vite/dist/node/chunks/dep-BK3b2jBa.js:36898:59)
      at async TransformPluginContext.transform (file:///C:/Users/Saeed/Personal_Files/CodeDevelope/MyWebsite/node_modules/vite/dist/node/chunks/dep-BK3b2jBa.js:36171:11)
      at async PluginContainer.transform (file:///C:/Users/Saeed/Personal_Files/CodeDevelope/MyWebsite/node_modules/vite/dist/node/chunks/dep-BK3b2jBa.js:49099:18)
      at async loadAndTransform (file:///C:/Users/Saeed/Personal_Files/CodeDevelope/MyWebsite/node_modules/vite/dist/node/chunks/dep-BK3b2jBa.js:51978:27)
      at async viteTransformMiddleware (file:///C:/Users/Saeed/Personal_Files/CodeDevelope/MyWebsite/node_modules/vite/dist/node/chunks/dep-BK3b2jBa.js:62106:24)
[2m2:58:08 PM[22m [31m[1m[vite][22m[39m [31mInternal server error: [postcss] C:/Users/Saeed/Personal_Files/CodeDevelope/MyWebsite/src/pages/WorkStory/WorkStory.module.css:8128:1: Unexpected }[39m
  Plugin: [35mvite:css[39m
  File: [36mC:/Users/Saeed/Personal_Files/CodeDevelope/MyWebsite/src/pages/WorkStory/WorkStory.module.css[39m:8128:0
[33m  8126|      transform: translateX(-50%);
  8127|    }
  8128|  }
     |  ^
  8129|  [39m
      at Input.error (C:\Users\Saeed\Personal_Files\CodeDevelope\MyWebsite\node_modules\postcss\lib\input.js:135:16)
      at Parser.unexpectedClose (C:\Users\Saeed\Personal_Files\CodeDevelope\MyWebsite\node_modules\postcss\lib\parser.js:587:22)
      at Parser.end (C:\Users\Saeed\Personal_Files\CodeDevelope\MyWebsite\node_modules\postcss\lib\parser.js:330:12)
      at Parser.parse (C:\Users\Saeed\Personal_Files\CodeDevelope\MyWebsite\node_modules\postcss\lib\parser.js:456:16)
      at parse (C:\Users\Saeed\Personal_Files\CodeDevelope\MyWebsite\node_modules\postcss\lib\parse.js:11:12)
      at new LazyResult (C:\Users\Saeed\Personal_Files\CodeDevelope\MyWebsite\node_modules\postcss\lib\lazy-result.js:165:16)
      at Processor.process (C:\Users\Saeed\Personal_Files\CodeDevelope\MyWebsite\node_modules\postcss\lib\processor.js:53:14)
      at compileCSS (file:///C:/Users/Saeed/Personal_Files/CodeDevelope/MyWebsite/node_modules/vite/dist/node/chunks/dep-BK3b2jBa.js:36898:59)
      at async TransformPluginContext.transform (file:///C:/Users/Saeed/Personal_Files/CodeDevelope/MyWebsite/node_modules/vite/dist/node/chunks/dep-BK3b2jBa.js:36171:11)
      at async PluginContainer.transform (file:///C:/Users/Saeed/Personal_Files/CodeDevelope/MyWebsite/node_modules/vite/dist/node/chunks/dep-BK3b2jBa.js:49099:18)
      at async loadAndTransform (file:///C:/Users/Saeed/Personal_Files/CodeDevelope/MyWebsite/node_modules/vite/dist/node/chunks/dep-BK3b2jBa.js:51978:27)
      at async viteTransformMiddleware (file:///C:/Users/Saeed/Personal_Files/CodeDevelope/MyWebsite/node_modules/vite/dist/node/chunks/dep-BK3b2jBa.js:62106:24)
[2m2:58:31 PM[22m [31m[1m[vite][22m[39m Pre-transform error: [postcss] C:/Users/Saeed/Personal_Files/CodeDevelope/MyWebsite/src/pages/WorkStory/WorkStory.module.css:8128:1: Unexpected }
[2m2:58:31 PM[22m [31m[1m[vite][22m[39m [31mInternal server error: [postcss] C:/Users/Saeed/Personal_Files/CodeDevelope/MyWebsite/src/pages/WorkStory/WorkStory.module.css:8128:1: Unexpected }[39m
  Plugin: [35mvite:css[39m
  File: [36mC:/Users/Saeed/Personal_Files/CodeDevelope/MyWebsite/src/pages/WorkStory/WorkStory.module.css[39m:8128:0
[33m  8126|      transform: translateX(-50%);
  8127|    }
  8128|  }
     |  ^
  8129|  [39m
      at Input.error (C:\Users\Saeed\Personal_Files\CodeDevelope\MyWebsite\node_modules\postcss\lib\input.js:135:16)
      at Parser.unexpectedClose (C:\Users\Saeed\Personal_Files\CodeDevelope\MyWebsite\node_modules\postcss\lib\parser.js:587:22)
      at Parser.end (C:\Users\Saeed\Personal_Files\CodeDevelope\MyWebsite\node_modules\postcss\lib\parser.js:330:12)
      at Parser.parse (C:\Users\Saeed\Personal_Files\CodeDevelope\MyWebsite\node_modules\postcss\lib\parser.js:456:16)
      at parse (C:\Users\Saeed\Personal_Files\CodeDevelope\MyWebsite\node_modules\postcss\lib\parse.js:11:12)
      at new LazyResult (C:\Users\Saeed\Personal_Files\CodeDevelope\MyWebsite\node_modules\postcss\lib\lazy-result.js:165:16)
      at Processor.process (C:\Users\Saeed\Personal_Files\CodeDevelope\MyWebsite\node_modules\postcss\lib\processor.js:53:14)
      at compileCSS (file:///C:/Users/Saeed/Personal_Files/CodeDevelope/MyWebsite/node_modules/vite/dist/node/chunks/dep-BK3b2jBa.js:36898:59)
      at async TransformPluginContext.transform (file:///C:/Users/Saeed/Personal_Files/CodeDevelope/MyWebsite/node_modules/vite/dist/node/chunks/dep-BK3b2jBa.js:36171:11)
      at async PluginContainer.transform (file:///C:/Users/Saeed/Personal_Files/CodeDevelope/MyWebsite/node_modules/vite/dist/node/chunks/dep-BK3b2jBa.js:49099:18)
      at async loadAndTransform (file:///C:/Users/Saeed/Personal_Files/CodeDevelope/MyWebsite/node_modules/vite/dist/node/chunks/dep-BK3b2jBa.js:51978:27)
      at async viteTransformMiddleware (file:///C:/Users/Saeed/Personal_Files/CodeDevelope/MyWebsite/node_modules/vite/dist/node/chunks/dep-BK3b2jBa.js:62106:24)
[2m2:59:02 PM[22m [31m[1m[vite][22m[39m Pre-transform error: [postcss] C:/Users/Saeed/Personal_Files/CodeDevelope/MyWebsite/src/pages/WorkStory/WorkStory.module.css:8188:1: Unexpected }
[2m2:59:02 PM[22m [31m[1m[vite][22m[39m [31mInternal server error: [postcss] C:/Users/Saeed/Personal_Files/CodeDevelope/MyWebsite/src/pages/WorkStory/WorkStory.module.css:8188:1: Unexpected }[39m
  Plugin: [35mvite:css[39m
  File: [36mC:/Users/Saeed/Personal_Files/CodeDevelope/MyWebsite/src/pages/WorkStory/WorkStory.module.css[39m:8188:0
[33m  8186|      transform: translateX(-50%);
  8187|    }
  8188|  }
     |  ^
  8189|  [39m
      at Input.error (C:\Users\Saeed\Personal_Files\CodeDevelope\MyWebsite\node_modules\postcss\lib\input.js:135:16)
      at Parser.unexpectedClose (C:\Users\Saeed\Personal_Files\CodeDevelope\MyWebsite\node_modules\postcss\lib\parser.js:587:22)
      at Parser.end (C:\Users\Saeed\Personal_Files\CodeDevelope\MyWebsite\node_modules\postcss\lib\parser.js:330:12)
      at Parser.parse (C:\Users\Saeed\Personal_Files\CodeDevelope\MyWebsite\node_modules\postcss\lib\parser.js:456:16)
      at parse (C:\Users\Saeed\Personal_Files\CodeDevelope\MyWebsite\node_modules\postcss\lib\parse.js:11:12)
      at new LazyResult (C:\Users\Saeed\Personal_Files\CodeDevelope\MyWebsite\node_modules\postcss\lib\lazy-result.js:165:16)
      at Processor.process (C:\Users\Saeed\Personal_Files\CodeDevelope\MyWebsite\node_modules\postcss\lib\processor.js:53:14)
      at compileCSS (file:///C:/Users/Saeed/Personal_Files/CodeDevelope/MyWebsite/node_modules/vite/dist/node/chunks/dep-BK3b2jBa.js:36898:59)
      at async TransformPluginContext.transform (file:///C:/Users/Saeed/Personal_Files/CodeDevelope/MyWebsite/node_modules/vite/dist/node/chunks/dep-BK3b2jBa.js:36171:11)
      at async PluginContainer.transform (file:///C:/Users/Saeed/Personal_Files/CodeDevelope/MyWebsite/node_modules/vite/dist/node/chunks/dep-BK3b2jBa.js:49099:18)
      at async loadAndTransform (file:///C:/Users/Saeed/Personal_Files/CodeDevelope/MyWebsite/node_modules/vite/dist/node/chunks/dep-BK3b2jBa.js:51978:27)
      at async viteTransformMiddleware (file:///C:/Users/Saeed/Personal_Files/CodeDevelope/MyWebsite/node_modules/vite/dist/node/chunks/dep-BK3b2jBa.js:62106:24)
[2m2:59:30 PM[22m [31m[1m[vite][22m[39m Pre-transform error: [postcss] C:/Users/Saeed/Personal_Files/CodeDevelope/MyWebsite/src/pages/WorkStory/WorkStory.module.css:8188:1: Unexpected }
[2m2:59:30 PM[22m [31m[1m[vite][22m[39m [31mInternal server error: [postcss] C:/Users/Saeed/Personal_Files/CodeDevelope/MyWebsite/src/pages/WorkStory/WorkStory.module.css:8188:1: Unexpected }[39m
  Plugin: [35mvite:css[39m
  File: [36mC:/Users/Saeed/Personal_Files/CodeDevelope/MyWebsite/src/pages/WorkStory/WorkStory.module.css[39m:8188:0
[33m  8186|      transform: translateX(-50%);
  8187|    }
  8188|  }
     |  ^
  8189|  [39m
      at Input.error (C:\Users\Saeed\Personal_Files\CodeDevelope\MyWebsite\node_modules\postcss\lib\input.js:135:16)
      at Parser.unexpectedClose (C:\Users\Saeed\Personal_Files\CodeDevelope\MyWebsite\node_modules\postcss\lib\parser.js:587:22)
      at Parser.end (C:\Users\Saeed\Personal_Files\CodeDevelope\MyWebsite\node_modules\postcss\lib\parser.js:330:12)
      at Parser.parse (C:\Users\Saeed\Personal_Files\CodeDevelope\MyWebsite\node_modules\postcss\lib\parser.js:456:16)
      at parse (C:\Users\Saeed\Personal_Files\CodeDevelope\MyWebsite\node_modules\postcss\lib\parse.js:11:12)
      at new LazyResult (C:\Users\Saeed\Personal_Files\CodeDevelope\MyWebsite\node_modules\postcss\lib\lazy-result.js:165:16)
      at Processor.process (C:\Users\Saeed\Personal_Files\CodeDevelope\MyWebsite\node_modules\postcss\lib\processor.js:53:14)
      at compileCSS (file:///C:/Users/Saeed/Personal_Files/CodeDevelope/MyWebsite/node_modules/vite/dist/node/chunks/dep-BK3b2jBa.js:36898:59)
      at async TransformPluginContext.transform (file:///C:/Users/Saeed/Personal_Files/CodeDevelope/MyWebsite/node_modules/vite/dist/node/chunks/dep-BK3b2jBa.js:36171:11)
      at async PluginContainer.transform (file:///C:/Users/Saeed/Personal_Files/CodeDevelope/MyWebsite/node_modules/vite/dist/node/chunks/dep-BK3b2jBa.js:49099:18)
      at async loadAndTransform (file:///C:/Users/Saeed/Personal_Files/CodeDevelope/MyWebsite/node_modules/vite/dist/node/chunks/dep-BK3b2jBa.js:51978:27)
      at async viteTransformMiddleware (file:///C:/Users/Saeed/Personal_Files/CodeDevelope/MyWebsite/node_modules/vite/dist/node/chunks/dep-BK3b2jBa.js:62106:24)
[2m3:37:33 PM[22m [31m[1m[vite][22m[39m Pre-transform error: [postcss] C:/Users/Saeed/Personal_Files/CodeDevelope/MyWebsite/src/pages/WorkStory/WorkStory.module.css:1543:1: Unexpected }
[2m3:37:33 PM[22m [31m[1m[vite][22m[39m [31mInternal server error: [postcss] C:/Users/Saeed/Personal_Files/CodeDevelope/MyWebsite/src/pages/WorkStory/WorkStory.module.css:1543:1: Unexpected }[39m
  Plugin: [35mvite:css[39m
  File: [36mC:/Users/Saeed/Personal_Files/CodeDevelope/MyWebsite/src/pages/WorkStory/WorkStory.module.css[39m:1543:0
[33m  1541|    /* font-size: clamp(0.6rem, 0.8vw, 0.72rem); */
  1542|    /* font-weight: 400; */
  1543|  }
     |  ^
  1544|  
  1545|  .gapTitleSub {[39m
      at Input.error (C:\Users\Saeed\Personal_Files\CodeDevelope\MyWebsite\node_modules\postcss\lib\input.js:135:16)
      at Parser.unexpectedClose (C:\Users\Saeed\Personal_Files\CodeDevelope\MyWebsite\node_modules\postcss\lib\parser.js:587:22)
      at Parser.end (C:\Users\Saeed\Personal_Files\CodeDevelope\MyWebsite\node_modules\postcss\lib\parser.js:330:12)
      at Parser.parse (C:\Users\Saeed\Personal_Files\CodeDevelope\MyWebsite\node_modules\postcss\lib\parser.js:456:16)
      at parse (C:\Users\Saeed\Personal_Files\CodeDevelope\MyWebsite\node_modules\postcss\lib\parse.js:11:12)
      at new LazyResult (C:\Users\Saeed\Personal_Files\CodeDevelope\MyWebsite\node_modules\postcss\lib\lazy-result.js:165:16)
      at Processor.process (C:\Users\Saeed\Personal_Files\CodeDevelope\MyWebsite\node_modules\postcss\lib\processor.js:53:14)
      at compileCSS (file:///C:/Users/Saeed/Personal_Files/CodeDevelope/MyWebsite/node_modules/vite/dist/node/chunks/dep-BK3b2jBa.js:36898:59)
      at async TransformPluginContext.transform (file:///C:/Users/Saeed/Personal_Files/CodeDevelope/MyWebsite/node_modules/vite/dist/node/chunks/dep-BK3b2jBa.js:36171:11)
      at async PluginContainer.transform (file:///C:/Users/Saeed/Personal_Files/CodeDevelope/MyWebsite/node_modules/vite/dist/node/chunks/dep-BK3b2jBa.js:49099:18)
      at async loadAndTransform (file:///C:/Users/Saeed/Personal_Files/CodeDevelope/MyWebsite/node_modules/vite/dist/node/chunks/dep-BK3b2jBa.js:51978:27)
      at async viteTransformMiddleware (file:///C:/Users/Saeed/Personal_Files/CodeDevelope/MyWebsite/node_modules/vite/dist/node/chunks/dep-BK3b2jBa.js:62106:24)
[2m3:37:36 PM[22m [31m[1m[vite][22m[39m Pre-transform error: [postcss] C:/Users/Saeed/Personal_Files/CodeDevelope/MyWebsite/src/pages/WorkStory/WorkStory.module.css:1543:1: Unexpected }
[2m3:37:36 PM[22m [31m[1m[vite][22m[39m [31mInternal server error: [postcss] C:/Users/Saeed/Personal_Files/CodeDevelope/MyWebsite/src/pages/WorkStory/WorkStory.module.css:1543:1: Unexpected }[39m
  Plugin: [35mvite:css[39m
  File: [36mC:/Users/Saeed/Personal_Files/CodeDevelope/MyWebsite/src/pages/WorkStory/WorkStory.module.css[39m:1543:0
[33m  1541|    /* font-size: clamp(0.6rem, 0.8vw, 0.72rem); */
  1542|    /* font-weight: 400; */
  1543|  }*/
     |  ^
  1544|  
  1545|  .gapTitleSub {[39m
      at Input.error (C:\Users\Saeed\Personal_Files\CodeDevelope\MyWebsite\node_modules\postcss\lib\input.js:135:16)
      at Parser.unexpectedClose (C:\Users\Saeed\Personal_Files\CodeDevelope\MyWebsite\node_modules\postcss\lib\parser.js:587:22)
      at Parser.end (C:\Users\Saeed\Personal_Files\CodeDevelope\MyWebsite\node_modules\postcss\lib\parser.js:330:12)
      at Parser.parse (C:\Users\Saeed\Personal_Files\CodeDevelope\MyWebsite\node_modules\postcss\lib\parser.js:456:16)
      at parse (C:\Users\Saeed\Personal_Files\CodeDevelope\MyWebsite\node_modules\postcss\lib\parse.js:11:12)
      at new LazyResult (C:\Users\Saeed\Personal_Files\CodeDevelope\MyWebsite\node_modules\postcss\lib\lazy-result.js:165:16)
      at Processor.process (C:\Users\Saeed\Personal_Files\CodeDevelope\MyWebsite\node_modules\postcss\lib\processor.js:53:14)
      at compileCSS (file:///C:/Users/Saeed/Personal_Files/CodeDevelope/MyWebsite/node_modules/vite/dist/node/chunks/dep-BK3b2jBa.js:36898:59)
      at async TransformPluginContext.transform (file:///C:/Users/Saeed/Personal_Files/CodeDevelope/MyWebsite/node_modules/vite/dist/node/chunks/dep-BK3b2jBa.js:36171:11)
      at async PluginContainer.transform (file:///C:/Users/Saeed/Personal_Files/CodeDevelope/MyWebsite/node_modules/vite/dist/node/chunks/dep-BK3b2jBa.js:49099:18)
      at async loadAndTransform (file:///C:/Users/Saeed/Personal_Files/CodeDevelope/MyWebsite/node_modules/vite/dist/node/chunks/dep-BK3b2jBa.js:51978:27)
      at async viteTransformMiddleware (file:///C:/Users/Saeed/Personal_Files/CodeDevelope/MyWebsite/node_modules/vite/dist/node/chunks/dep-BK3b2jBa.js:62106:24)
[2m3:37:55 PM[22m [31m[1m[vite][22m[39m Pre-transform error: [postcss] C:/Users/Saeed/Personal_Files/CodeDevelope/MyWebsite/src/pages/WorkStory/WorkStory.module.css:1543:1: Unexpected }
[2m3:37:55 PM[22m [31m[1m[vite][22m[39m [31mInternal server error: [postcss] C:/Users/Saeed/Personal_Files/CodeDevelope/MyWebsite/src/pages/WorkStory/WorkStory.module.css:1543:1: Unexpected }[39m
  Plugin: [35mvite:css[39m
  File: [36mC:/Users/Saeed/Personal_Files/CodeDevelope/MyWebsite/src/pages/WorkStory/WorkStory.module.css[39m:1543:0
[33m  1541|    /* font-size: clamp(0.6rem, 0.8vw, 0.72rem); */
  1542|    /* font-weight: 400; */
  1543|  }*/
     |  ^
  1544|  
  1545|  .gapTitleSub {[39m
      at Input.error (C:\Users\Saeed\Personal_Files\CodeDevelope\MyWebsite\node_modules\postcss\lib\input.js:135:16)
      at Parser.unexpectedClose (C:\Users\Saeed\Personal_Files\CodeDevelope\MyWebsite\node_modules\postcss\lib\parser.js:587:22)
      at Parser.end (C:\Users\Saeed\Personal_Files\CodeDevelope\MyWebsite\node_modules\postcss\lib\parser.js:330:12)
      at Parser.parse (C:\Users\Saeed\Personal_Files\CodeDevelope\MyWebsite\node_modules\postcss\lib\parser.js:456:16)
      at parse (C:\Users\Saeed\Personal_Files\CodeDevelope\MyWebsite\node_modules\postcss\lib\parse.js:11:12)
      at new LazyResult (C:\Users\Saeed\Personal_Files\CodeDevelope\MyWebsite\node_modules\postcss\lib\lazy-result.js:165:16)
      at Processor.process (C:\Users\Saeed\Personal_Files\CodeDevelope\MyWebsite\node_modules\postcss\lib\processor.js:53:14)
      at compileCSS (file:///C:/Users/Saeed/Personal_Files/CodeDevelope/MyWebsite/node_modules/vite/dist/node/chunks/dep-BK3b2jBa.js:36898:59)
      at async TransformPluginContext.transform (file:///C:/Users/Saeed/Personal_Files/CodeDevelope/MyWebsite/node_modules/vite/dist/node/chunks/dep-BK3b2jBa.js:36171:11)
      at async PluginContainer.transform (file:///C:/Users/Saeed/Personal_Files/CodeDevelope/MyWebsite/node_modules/vite/dist/node/chunks/dep-BK3b2jBa.js:49099:18)
      at async loadAndTransform (file:///C:/Users/Saeed/Personal_Files/CodeDevelope/MyWebsite/node_modules/vite/dist/node/chunks/dep-BK3b2jBa.js:51978:27)
      at async viteTransformMiddleware (file:///C:/Users/Saeed/Personal_Files/CodeDevelope/MyWebsite/node_modules/vite/dist/node/chunks/dep-BK3b2jBa.js:62106:24)
[2m3:37:57 PM[22m [31m[1m[vite][22m[39m Pre-transform error: [postcss] C:/Users/Saeed/Personal_Files/CodeDevelope/MyWebsite/src/pages/WorkStory/WorkStory.module.css:1543:1: Unexpected }
[2m3:37:57 PM[22m [31m[1m[vite][22m[39m [31mInternal server error: [postcss] C:/Users/Saeed/Personal_Files/CodeDevelope/MyWebsite/src/pages/WorkStory/WorkStory.module.css:1543:1: Unexpected }[39m
  Plugin: [35mvite:css[39m
  File: [36mC:/Users/Saeed/Personal_Files/CodeDevelope/MyWebsite/src/pages/WorkStory/WorkStory.module.css[39m:1543:0
[33m  1541|    /* font-size: clamp(0.6rem, 0.8vw, 0.72rem); */
  1542|    /* font-weight: 400; */
  1543|  }*/
     |  ^
  1544|  
  1545|  .gapTitleSub {[39m
      at Input.error (C:\Users\Saeed\Personal_Files\CodeDevelope\MyWebsite\node_modules\postcss\lib\input.js:135:16)
      at Parser.unexpectedClose (C:\Users\Saeed\Personal_Files\CodeDevelope\MyWebsite\node_modules\postcss\lib\parser.js:587:22)
      at Parser.end (C:\Users\Saeed\Personal_Files\CodeDevelope\MyWebsite\node_modules\postcss\lib\parser.js:330:12)
      at Parser.parse (C:\Users\Saeed\Personal_Files\CodeDevelope\MyWebsite\node_modules\postcss\lib\parser.js:456:16)
      at parse (C:\Users\Saeed\Personal_Files\CodeDevelope\MyWebsite\node_modules\postcss\lib\parse.js:11:12)
      at new LazyResult (C:\Users\Saeed\Personal_Files\CodeDevelope\MyWebsite\node_modules\postcss\lib\lazy-result.js:165:16)
      at Processor.process (C:\Users\Saeed\Personal_Files\CodeDevelope\MyWebsite\node_modules\postcss\lib\processor.js:53:14)
      at compileCSS (file:///C:/Users/Saeed/Personal_Files/CodeDevelope/MyWebsite/node_modules/vite/dist/node/chunks/dep-BK3b2jBa.js:36898:59)
      at async TransformPluginContext.transform (file:///C:/Users/Saeed/Personal_Files/CodeDevelope/MyWebsite/node_modules/vite/dist/node/chunks/dep-BK3b2jBa.js:36171:11)
      at async PluginContainer.transform (file:///C:/Users/Saeed/Personal_Files/CodeDevelope/MyWebsite/node_modules/vite/dist/node/chunks/dep-BK3b2jBa.js:49099:18)
      at async loadAndTransform (file:///C:/Users/Saeed/Personal_Files/CodeDevelope/MyWebsite/node_modules/vite/dist/node/chunks/dep-BK3b2jBa.js:51978:27)
      at async viteTransformMiddleware (file:///C:/Users/Saeed/Personal_Files/CodeDevelope/MyWebsite/node_modules/vite/dist/node/chunks/dep-BK3b2jBa.js:62106:24)
[2m3:38:02 PM[22m [31m[1m[vite][22m[39m Pre-transform error: [postcss] C:/Users/Saeed/Personal_Files/CodeDevelope/MyWebsite/src/pages/WorkStory/WorkStory.module.css:1543:1: Unexpected }
[2m3:38:02 PM[22m [31m[1m[vite][22m[39m [31mInternal server error: [postcss] C:/Users/Saeed/Personal_Files/CodeDevelope/MyWebsite/src/pages/WorkStory/WorkStory.module.css:1543:1: Unexpected }[39m
  Plugin: [35mvite:css[39m
  File: [36mC:/Users/Saeed/Personal_Files/CodeDevelope/MyWebsite/src/pages/WorkStory/WorkStory.module.css[39m:1543:0
[33m  1541|    /* font-size: clamp(0.6rem, 0.8vw, 0.72rem); */
  1542|    /* font-weight: 400; */
  1543|  }*/
     |  ^
  1544|  
  1545|  .gapTitleSub {[39m
      at Input.error (C:\Users\Saeed\Personal_Files\CodeDevelope\MyWebsite\node_modules\postcss\lib\input.js:135:16)
      at Parser.unexpectedClose (C:\Users\Saeed\Personal_Files\CodeDevelope\MyWebsite\node_modules\postcss\lib\parser.js:587:22)
      at Parser.end (C:\Users\Saeed\Personal_Files\CodeDevelope\MyWebsite\node_modules\postcss\lib\parser.js:330:12)
      at Parser.parse (C:\Users\Saeed\Personal_Files\CodeDevelope\MyWebsite\node_modules\postcss\lib\parser.js:456:16)
      at parse (C:\Users\Saeed\Personal_Files\CodeDevelope\MyWebsite\node_modules\postcss\lib\parse.js:11:12)
      at new LazyResult (C:\Users\Saeed\Personal_Files\CodeDevelope\MyWebsite\node_modules\postcss\lib\lazy-result.js:165:16)
      at Processor.process (C:\Users\Saeed\Personal_Files\CodeDevelope\MyWebsite\node_modules\postcss\lib\processor.js:53:14)
      at compileCSS (file:///C:/Users/Saeed/Personal_Files/CodeDevelope/MyWebsite/node_modules/vite/dist/node/chunks/dep-BK3b2jBa.js:36898:59)
      at async TransformPluginContext.transform (file:///C:/Users/Saeed/Personal_Files/CodeDevelope/MyWebsite/node_modules/vite/dist/node/chunks/dep-BK3b2jBa.js:36171:11)
      at async PluginContainer.transform (file:///C:/Users/Saeed/Personal_Files/CodeDevelope/MyWebsite/node_modules/vite/dist/node/chunks/dep-BK3b2jBa.js:49099:18)
      at async loadAndTransform (file:///C:/Users/Saeed/Personal_Files/CodeDevelope/MyWebsite/node_modules/vite/dist/node/chunks/dep-BK3b2jBa.js:51978:27)
      at async viteTransformMiddleware (file:///C:/Users/Saeed/Personal_Files/CodeDevelope/MyWebsite/node_modules/vite/dist/node/chunks/dep-BK3b2jBa.js:62106:24)
[2m3:38:13 PM[22m [31m[1m[vite][22m[39m Pre-transform error: [postcss] C:/Users/Saeed/Personal_Files/CodeDevelope/MyWebsite/src/pages/WorkStory/WorkStory.module.css:1543:1: Unexpected }
[2m3:38:13 PM[22m [31m[1m[vite][22m[39m [31mInternal server error: [postcss] C:/Users/Saeed/Personal_Files/CodeDevelope/MyWebsite/src/pages/WorkStory/WorkStory.module.css:1543:1: Unexpected }[39m
  Plugin: [35mvite:css[39m
  File: [36mC:/Users/Saeed/Personal_Files/CodeDevelope/MyWebsite/src/pages/WorkStory/WorkStory.module.css[39m:1543:0
[33m  1541|    /* font-size: clamp(0.6rem, 0.8vw, 0.72rem); */
  1542|    /* font-weight: 400; */
  1543|  }*/
     |  ^
  1544|  
  1545|  .gapTitleSub {[39m
      at Input.error (C:\Users\Saeed\Personal_Files\CodeDevelope\MyWebsite\node_modules\postcss\lib\input.js:135:16)
      at Parser.unexpectedClose (C:\Users\Saeed\Personal_Files\CodeDevelope\MyWebsite\node_modules\postcss\lib\parser.js:587:22)
      at Parser.end (C:\Users\Saeed\Personal_Files\CodeDevelope\MyWebsite\node_modules\postcss\lib\parser.js:330:12)
      at Parser.parse (C:\Users\Saeed\Personal_Files\CodeDevelope\MyWebsite\node_modules\postcss\lib\parser.js:456:16)
      at parse (C:\Users\Saeed\Personal_Files\CodeDevelope\MyWebsite\node_modules\postcss\lib\parse.js:11:12)
      at new LazyResult (C:\Users\Saeed\Personal_Files\CodeDevelope\MyWebsite\node_modules\postcss\lib\lazy-result.js:165:16)
      at Processor.process (C:\Users\Saeed\Personal_Files\CodeDevelope\MyWebsite\node_modules\postcss\lib\processor.js:53:14)
      at compileCSS (file:///C:/Users/Saeed/Personal_Files/CodeDevelope/MyWebsite/node_modules/vite/dist/node/chunks/dep-BK3b2jBa.js:36898:59)
      at async TransformPluginContext.transform (file:///C:/Users/Saeed/Personal_Files/CodeDevelope/MyWebsite/node_modules/vite/dist/node/chunks/dep-BK3b2jBa.js:36171:11)
      at async PluginContainer.transform (file:///C:/Users/Saeed/Personal_Files/CodeDevelope/MyWebsite/node_modules/vite/dist/node/chunks/dep-BK3b2jBa.js:49099:18)
      at async loadAndTransform (file:///C:/Users/Saeed/Personal_Files/CodeDevelope/MyWebsite/node_modules/vite/dist/node/chunks/dep-BK3b2jBa.js:51978:27)
      at async viteTransformMiddleware (file:///C:/Users/Saeed/Personal_Files/CodeDevelope/MyWebsite/node_modules/vite/dist/node/chunks/dep-BK3b2jBa.js:62106:24)
[2m3:38:15 PM[22m [31m[1m[vite][22m[39m Pre-transform error: [postcss] C:/Users/Saeed/Personal_Files/CodeDevelope/MyWebsite/src/pages/WorkStory/WorkStory.module.css:1543:1: Unexpected }
[2m3:38:15 PM[22m [31m[1m[vite][22m[39m [31mInternal server error: [postcss] C:/Users/Saeed/Personal_Files/CodeDevelope/MyWebsite/src/pages/WorkStory/WorkStory.module.css:1543:1: Unexpected }[39m
  Plugin: [35mvite:css[39m
  File: [36mC:/Users/Saeed/Personal_Files/CodeDevelope/MyWebsite/src/pages/WorkStory/WorkStory.module.css[39m:1543:0
[33m  1541|    /* font-size: clamp(0.6rem, 0.8vw, 0.72rem); */
  1542|    /* font-weight: 400; */
  1543|  }*/
     |  ^
  1544|  
  1545|  .gapTitleSub {[39m
      at Input.error (C:\Users\Saeed\Personal_Files\CodeDevelope\MyWebsite\node_modules\postcss\lib\input.js:135:16)
      at Parser.unexpectedClose (C:\Users\Saeed\Personal_Files\CodeDevelope\MyWebsite\node_modules\postcss\lib\parser.js:587:22)
      at Parser.end (C:\Users\Saeed\Personal_Files\CodeDevelope\MyWebsite\node_modules\postcss\lib\parser.js:330:12)
      at Parser.parse (C:\Users\Saeed\Personal_Files\CodeDevelope\MyWebsite\node_modules\postcss\lib\parser.js:456:16)
      at parse (C:\Users\Saeed\Personal_Files\CodeDevelope\MyWebsite\node_modules\postcss\lib\parse.js:11:12)
      at new LazyResult (C:\Users\Saeed\Personal_Files\CodeDevelope\MyWebsite\node_modules\postcss\lib\lazy-result.js:165:16)
      at Processor.process (C:\Users\Saeed\Personal_Files\CodeDevelope\MyWebsite\node_modules\postcss\lib\processor.js:53:14)
      at compileCSS (file:///C:/Users/Saeed/Personal_Files/CodeDevelope/MyWebsite/node_modules/vite/dist/node/chunks/dep-BK3b2jBa.js:36898:59)
      at async TransformPluginContext.transform (file:///C:/Users/Saeed/Personal_Files/CodeDevelope/MyWebsite/node_modules/vite/dist/node/chunks/dep-BK3b2jBa.js:36171:11)
      at async PluginContainer.transform (file:///C:/Users/Saeed/Personal_Files/CodeDevelope/MyWebsite/node_modules/vite/dist/node/chunks/dep-BK3b2jBa.js:49099:18)
      at async loadAndTransform (file:///C:/Users/Saeed/Personal_Files/CodeDevelope/MyWebsite/node_modules/vite/dist/node/chunks/dep-BK3b2jBa.js:51978:27)
      at async viteTransformMiddleware (file:///C:/Users/Saeed/Personal_Files/CodeDevelope/MyWebsite/node_modules/vite/dist/node/chunks/dep-BK3b2jBa.js:62106:24)
[2m3:38:25 PM[22m [31m[1m[vite][22m[39m Pre-transform error: [postcss] C:/Users/Saeed/Personal_Files/CodeDevelope/MyWebsite/src/pages/WorkStory/WorkStory.module.css:1601:1: Unexpected }
[2m3:38:25 PM[22m [31m[1m[vite][22m[39m [31mInternal server error: [postcss] C:/Users/Saeed/Personal_Files/CodeDevelope/MyWebsite/src/pages/WorkStory/WorkStory.module.css:1601:1: Unexpected }[39m
  Plugin: [35mvite:css[39m
  File: [36mC:/Users/Saeed/Personal_Files/CodeDevelope/MyWebsite/src/pages/WorkStory/WorkStory.module.css[39m:1601:0
[33m  1599|    /* font-size: clamp(0.6rem, 0.8vw, 0.72rem); */
  1600|    /* font-weight: 400; */
  1601|  }*/
     |  ^
  1602|  
  1603|  .gapTitleSub {[39m
      at Input.error (C:\Users\Saeed\Personal_Files\CodeDevelope\MyWebsite\node_modules\postcss\lib\input.js:135:16)
      at Parser.unexpectedClose (C:\Users\Saeed\Personal_Files\CodeDevelope\MyWebsite\node_modules\postcss\lib\parser.js:587:22)
      at Parser.end (C:\Users\Saeed\Personal_Files\CodeDevelope\MyWebsite\node_modules\postcss\lib\parser.js:330:12)
      at Parser.parse (C:\Users\Saeed\Personal_Files\CodeDevelope\MyWebsite\node_modules\postcss\lib\parser.js:456:16)
      at parse (C:\Users\Saeed\Personal_Files\CodeDevelope\MyWebsite\node_modules\postcss\lib\parse.js:11:12)
      at new LazyResult (C:\Users\Saeed\Personal_Files\CodeDevelope\MyWebsite\node_modules\postcss\lib\lazy-result.js:165:16)
      at Processor.process (C:\Users\Saeed\Personal_Files\CodeDevelope\MyWebsite\node_modules\postcss\lib\processor.js:53:14)
      at compileCSS (file:///C:/Users/Saeed/Personal_Files/CodeDevelope/MyWebsite/node_modules/vite/dist/node/chunks/dep-BK3b2jBa.js:36898:59)
      at async TransformPluginContext.transform (file:///C:/Users/Saeed/Personal_Files/CodeDevelope/MyWebsite/node_modules/vite/dist/node/chunks/dep-BK3b2jBa.js:36171:11)
      at async PluginContainer.transform (file:///C:/Users/Saeed/Personal_Files/CodeDevelope/MyWebsite/node_modules/vite/dist/node/chunks/dep-BK3b2jBa.js:49099:18)
      at async loadAndTransform (file:///C:/Users/Saeed/Personal_Files/CodeDevelope/MyWebsite/node_modules/vite/dist/node/chunks/dep-BK3b2jBa.js:51978:27)
      at async viteTransformMiddleware (file:///C:/Users/Saeed/Personal_Files/CodeDevelope/MyWebsite/node_modules/vite/dist/node/chunks/dep-BK3b2jBa.js:62106:24)
[2m3:38:43 PM[22m [31m[1m[vite][22m[39m Pre-transform error: [postcss] C:/Users/Saeed/Personal_Files/CodeDevelope/MyWebsite/src/pages/WorkStory/WorkStory.module.css:1601:1: Unexpected }
[2m3:38:43 PM[22m [31m[1m[vite][22m[39m [31mInternal server error: [postcss] C:/Users/Saeed/Personal_Files/CodeDevelope/MyWebsite/src/pages/WorkStory/WorkStory.module.css:1601:1: Unexpected }[39m
  Plugin: [35mvite:css[39m
  File: [36mC:/Users/Saeed/Personal_Files/CodeDevelope/MyWebsite/src/pages/WorkStory/WorkStory.module.css[39m:1601:0
[33m  1599|    font-size-old: clamp(0.6rem, 0.8vw, 0.72rem);
  1600|    /* font-weight: 400; */
  1601|  }*/
     |  ^
  1602|  
  1603|  .gapTitleSub {[39m
      at Input.error (C:\Users\Saeed\Personal_Files\CodeDevelope\MyWebsite\node_modules\postcss\lib\input.js:135:16)
      at Parser.unexpectedClose (C:\Users\Saeed\Personal_Files\CodeDevelope\MyWebsite\node_modules\postcss\lib\parser.js:587:22)
      at Parser.end (C:\Users\Saeed\Personal_Files\CodeDevelope\MyWebsite\node_modules\postcss\lib\parser.js:330:12)
      at Parser.parse (C:\Users\Saeed\Personal_Files\CodeDevelope\MyWebsite\node_modules\postcss\lib\parser.js:456:16)
      at parse (C:\Users\Saeed\Personal_Files\CodeDevelope\MyWebsite\node_modules\postcss\lib\parse.js:11:12)
      at new LazyResult (C:\Users\Saeed\Personal_Files\CodeDevelope\MyWebsite\node_modules\postcss\lib\lazy-result.js:165:16)
      at Processor.process (C:\Users\Saeed\Personal_Files\CodeDevelope\MyWebsite\node_modules\postcss\lib\processor.js:53:14)
      at compileCSS (file:///C:/Users/Saeed/Personal_Files/CodeDevelope/MyWebsite/node_modules/vite/dist/node/chunks/dep-BK3b2jBa.js:36898:59)
      at async TransformPluginContext.transform (file:///C:/Users/Saeed/Personal_Files/CodeDevelope/MyWebsite/node_modules/vite/dist/node/chunks/dep-BK3b2jBa.js:36171:11)
      at async PluginContainer.transform (file:///C:/Users/Saeed/Personal_Files/CodeDevelope/MyWebsite/node_modules/vite/dist/node/chunks/dep-BK3b2jBa.js:49099:18)
      at async loadAndTransform (file:///C:/Users/Saeed/Personal_Files/CodeDevelope/MyWebsite/node_modules/vite/dist/node/chunks/dep-BK3b2jBa.js:51978:27)
      at async viteTransformMiddleware (file:///C:/Users/Saeed/Personal_Files/CodeDevelope/MyWebsite/node_modules/vite/dist/node/chunks/dep-BK3b2jBa.js:62106:24)
