
> instagram@0.1.0 dev
> vite --host 127.0.0.1 --port 5173


  [32m[1mVITE[22m v6.0.0[39m  [2mready in [0m[1m1102[22m[2m[0m ms[22m

  [32m➜[39m  [1mLocal[22m:   [36mhttp://127.0.0.1:[1m5173[22m/[39m
[2m10:22:48 AM[22m [36m[1m[vite][22m[39m [90m[2m(client)[22m[39m [32mhmr update [39m[2m/src/components/Header/Header.jsx[22m
[2m10:22:48 AM[22m [36m[1m[vite][22m[39m [90m[2m(client)[22m[39m [32mhmr update [39m[2m/src/components/Header/Header.jsx[22m
[2m10:23:06 AM[22m [36m[1m[vite][22m[39m [90m[2m(client)[22m[39m [32mhmr update [39m[2m/src/components/Header/Header.jsx[22m
[2m10:25:27 AM[22m [36m[1m[vite][22m[39m [90m[2m(client)[22m[39m [32mhmr update [39m[2m/src/components/Header/Header.jsx[22m
[2m10:27:33 AM[22m [36m[1m[vite][22m[39m [90m[2m(client)[22m[39m [32mhmr update [39m[2m/src/pages/WorkStory/WorkStory.jsx[22m
[2m10:27:49 AM[22m [36m[1m[vite][22m[39m [90m[2m(client)[22m[39m [32mhmr update [39m[2m/src/components/Header/Header.jsx[22m
[2m10:30:12 AM[22m [36m[1m[vite][22m[39m [90m[2m(client)[22m[39m [32mhmr update [39m[2m/src/components/Header/Header.jsx[22m
[2m10:32:04 AM[22m [36m[1m[vite][22m[39m [90m[2m(client)[22m[39m [32mhmr update [39m[2m/src/components/Header/Header.jsx[22m
[2m10:37:39 AM[22m [36m[1m[vite][22m[39m [90m[2m(client)[22m[39m [32mhmr update [39m[2m/src/pages/WorkStory/WorkStory.jsx[22m
[2m10:38:05 AM[22m [36m[1m[vite][22m[39m [90m[2m(client)[22m[39m [32mhmr update [39m[2m/src/components/Header/Header.jsx[22m
[2m10:38:05 AM[22m [36m[1m[vite][22m[39m [90m[2m(client)[22m[39m [32mhmr update [39m[2m/src/components/Header/Header.jsx[22m
[2m10:41:46 AM[22m [36m[1m[vite][22m[39m [90m[2m(client)[22m[39m [32mhmr update [39m[2m/src/pages/WorkStory/WorkStory.jsx[22m
[2m10:41:46 AM[22m [36m[1m[vite][22m[39m [90m[2m(client)[22m[39m [32mhmr update [39m[2m/src/pages/WorkStory/WorkStory.jsx[22m
[2m10:42:27 AM[22m [36m[1m[vite][22m[39m [90m[2m(client)[22m[39m [32mhmr update [39m[2m/src/pages/WorkStory/WorkStory.jsx[22m
[2m11:03:13 AM[22m [36m[1m[vite][22m[39m [90m[2m(client)[22m[39m [32mhmr update [39m[2m/src/pages/WorkStory/WorkStory.jsx[22m
[2m11:06:00 AM[22m [36m[1m[vite][22m[39m [90m[2m(client)[22m[39m [32mhmr update [39m[2m/src/pages/WorkStory/WorkStory.jsx[22m
[2m11:06:23 AM[22m [36m[1m[vite][22m[39m [90m[2m(client)[22m[39m [32mhmr update [39m[2m/src/pages/WorkStory/WorkStory.jsx[22m
[2m11:09:24 AM[22m [36m[1m[vite][22m[39m [90m[2m(client)[22m[39m [32mhmr update [39m[2m/src/pages/WorkStory/WorkStory.jsx[22m
[2m11:10:21 AM[22m [36m[1m[vite][22m[39m [90m[2m(client)[22m[39m [32mhmr update [39m[2m/src/pages/WorkStory/WorkStory.jsx[22m
[2m11:14:06 AM[22m [36m[1m[vite][22m[39m [90m[2m(client)[22m[39m [32mhmr update [39m[2m/src/pages/WorkStory/WorkStory.jsx[22m
[2m11:16:07 AM[22m [36m[1m[vite][22m[39m [90m[2m(client)[22m[39m [32mhmr update [39m[2m/src/pages/WorkStory/WorkStory.jsx[22m
[2m11:16:54 AM[22m [36m[1m[vite][22m[39m [90m[2m(client)[22m[39m [32mhmr update [39m[2m/src/pages/WorkStory/WorkStory.jsx[22m
[2m11:17:03 AM[22m [36m[1m[vite][22m[39m [90m[2m(client)[22m[39m [32mhmr update [39m[2m/src/pages/WorkStory/WorkStory.jsx[22m
[2m11:17:03 AM[22m [36m[1m[vite][22m[39m [90m[2m(client)[22m[39m [32mhmr update [39m[2m/src/pages/WorkStory/WorkStory.jsx[22m
[2m11:17:29 AM[22m [36m[1m[vite][22m[39m [90m[2m(client)[22m[39m [32mhmr update [39m[2m/src/pages/WorkStory/WorkStory.jsx[22m
[2m11:17:38 AM[22m [36m[1m[vite][22m[39m [90m[2m(client)[22m[39m [32mhmr update [39m[2m/src/pages/WorkStory/WorkStory.jsx[22m
[2m12:26:20 PM[22m [36m[1m[vite][22m[39m [90m[2m(client)[22m[39m [32mhmr update [39m[2m/src/pages/WorkStory/WorkStory.jsx[22m
[2m12:27:17 PM[22m [36m[1m[vite][22m[39m [90m[2m(client)[22m[39m [32mhmr update [39m[2m/src/pages/WorkStory/WorkStory.jsx[22m
[2m12:27:38 PM[22m [36m[1m[vite][22m[39m [90m[2m(client)[22m[39m [32mhmr update [39m[2m/src/pages/WorkStory/WorkStory.jsx[22m
[2m12:28:09 PM[22m [36m[1m[vite][22m[39m [90m[2m(client)[22m[39m [32mhmr update [39m[2m/src/pages/WorkStory/WorkStory.jsx[22m
[2m12:28:29 PM[22m [36m[1m[vite][22m[39m [90m[2m(client)[22m[39m [32mhmr update [39m[2m/src/pages/WorkStory/WorkStory.jsx[22m
[2m12:33:13 PM[22m [36m[1m[vite][22m[39m [90m[2m(client)[22m[39m [32mhmr update [39m[2m/src/pages/WorkStory/WorkStory.jsx[22m
[2m12:36:34 PM[22m [36m[1m[vite][22m[39m [90m[2m(client)[22m[39m [32mhmr update [39m[2m/src/pages/WorkStory/WorkStory.jsx[22m
[2m12:36:37 PM[22m [36m[1m[vite][22m[39m [90m[2m(client)[22m[39m [32mhmr update [39m[2m/src/pages/WorkStory/WorkStory.jsx[22m
[2m12:36:56 PM[22m [36m[1m[vite][22m[39m [90m[2m(client)[22m[39m [32mhmr update [39m[2m/src/pages/WorkStory/WorkStory.jsx[22m
[2m12:38:05 PM[22m [36m[1m[vite][22m[39m [90m[2m(client)[22m[39m [32mhmr update [39m[2m/src/pages/WorkStory/WorkStory.jsx[22m
[2m12:38:43 PM[22m [36m[1m[vite][22m[39m [90m[2m(client)[22m[39m [32mhmr update [39m[2m/src/pages/WorkStory/WorkStory.jsx[22m
[2m12:40:52 PM[22m [36m[1m[vite][22m[39m [90m[2m(client)[22m[39m [32mhmr update [39m[2m/src/pages/WorkStory/WorkStory.jsx[22m
[2m12:41:12 PM[22m [36m[1m[vite][22m[39m [90m[2m(client)[22m[39m [32mhmr update [39m[2m/src/pages/WorkStory/WorkStory.jsx[22m
[2m12:41:19 PM[22m [36m[1m[vite][22m[39m [90m[2m(client)[22m[39m [32mhmr update [39m[2m/src/pages/WorkStory/WorkStory.jsx[22m
[2m12:41:27 PM[22m [36m[1m[vite][22m[39m [90m[2m(client)[22m[39m [32mhmr update [39m[2m/src/pages/WorkStory/WorkStory.jsx[22m
[2m12:41:50 PM[22m [36m[1m[vite][22m[39m [90m[2m(client)[22m[39m [32mhmr update [39m[2m/src/pages/WorkStory/WorkStory.jsx[22m
[2m12:42:34 PM[22m [36m[1m[vite][22m[39m [90m[2m(client)[22m[39m [32mhmr update [39m[2m/src/pages/WorkStory/WorkStory.jsx[22m
[2m12:44:10 PM[22m [36m[1m[vite][22m[39m [90m[2m(client)[22m[39m [32mhmr update [39m[2m/src/pages/WorkStory/WorkStory.jsx[22m
[2m12:46:49 PM[22m [36m[1m[vite][22m[39m [90m[2m(client)[22m[39m [32mhmr update [39m[2m/src/pages/WorkStory/WorkStory.jsx[22m
[2m12:51:13 PM[22m [36m[1m[vite][22m[39m [90m[2m(client)[22m[39m [32mhmr update [39m[2m/src/pages/WorkStory/WorkStory.jsx[22m
[2m12:52:29 PM[22m [36m[1m[vite][22m[39m [90m[2m(client)[22m[39m [32mhmr update [39m[2m/src/pages/WorkStory/WorkStory.jsx[22m
[2m12:55:42 PM[22m [36m[1m[vite][22m[39m [90m[2m(client)[22m[39m [32mhmr update [39m[2m/src/pages/WorkStory/WorkStory.jsx[22m
[2m12:59:45 PM[22m [36m[1m[vite][22m[39m [90m[2m(client)[22m[39m [32mhmr update [39m[2m/src/pages/WorkStory/WorkStory.jsx[22m
[2m1:00:16 PM[22m [36m[1m[vite][22m[39m [90m[2m(client)[22m[39m [32mhmr update [39m[2m/src/pages/WorkStory/WorkStory.jsx[22m
[2m1:03:44 PM[22m [36m[1m[vite][22m[39m [90m[2m(client)[22m[39m [32mhmr update [39m[2m/src/pages/WorkStory/WorkStory.jsx[22m
[2m1:04:13 PM[22m [36m[1m[vite][22m[39m [90m[2m(client)[22m[39m [32mhmr update [39m[2m/src/pages/WorkStory/WorkStory.jsx[22m
[2m1:04:36 PM[22m [36m[1m[vite][22m[39m [90m[2m(client)[22m[39m [32mhmr update [39m[2m/src/pages/WorkStory/WorkStory.jsx[22m
[2m1:08:28 PM[22m [36m[1m[vite][22m[39m [90m[2m(client)[22m[39m [32mhmr update [39m[2m/src/components/Header/Header.jsx[22m
[2m1:08:45 PM[22m [36m[1m[vite][22m[39m [90m[2m(client)[22m[39m [32mhmr update [39m[2m/src/components/Header/Header.jsx[22m
[2m1:11:53 PM[22m [36m[1m[vite][22m[39m [90m[2m(client)[22m[39m [32mhmr update [39m[2m/src/components/Header/Header.jsx[22m
[2m1:13:33 PM[22m [36m[1m[vite][22m[39m [90m[2m(client)[22m[39m [32mhmr update [39m[2m/src/pages/WorkStory/WorkStory.jsx[22m
[2m1:14:34 PM[22m [36m[1m[vite][22m[39m [90m[2m(client)[22m[39m [32mhmr update [39m[2m/src/pages/WorkStory/WorkStory.jsx[22m
[2m1:14:49 PM[22m [36m[1m[vite][22m[39m [90m[2m(client)[22m[39m [32mhmr update [39m[2m/src/pages/WorkStory/WorkStory.jsx[22m
[2m1:15:15 PM[22m [36m[1m[vite][22m[39m [90m[2m(client)[22m[39m [32mhmr update [39m[2m/src/pages/WorkStory/WorkStory.jsx[22m
[2m2:16:06 PM[22m [36m[1m[vite][22m[39m [90m[2m(client)[22m[39m [32mhmr update [39m[2m/src/Loader/GrapheneCell.jsx[22m
[2m2:16:06 PM[22m [36m[1m[vite][22m[39m [90m[2m(client)[22m[39m [32mhmr update [39m[2m/src/Loader/Loader.css[22m
[2m2:16:06 PM[22m [36m[1m[vite][22m[39m [90m[2m(client)[22m[39m [32mhmr update [39m[2m/src/components/Header/Header.jsx[22m
[2m2:16:07 PM[22m [36m[1m[vite][22m[39m [90m[2m(client)[22m[39m [32mhmr update [39m[2m/src/pages/WorkStory/WorkStory.jsx[22m
[2m2:16:07 PM[22m [36m[1m[vite][22m[39m [90m[2m(client)[22m[39m [32mhmr update [39m[2m/src/pages/WorkStory/WorkStory.jsx[22m
[2m2:16:12 PM[22m [36m[1m[vite][22m[39m [90m[2m(client)[22m[39m [32mhmr update [39m[2m/src/components/Header/Header.jsx[22m
[2m2:16:12 PM[22m [36m[1m[vite][22m[39m [90m[2m(client)[22m[39m [32mhmr update [39m[2m/src/pages/WorkStory/WorkStory.jsx[22m
[2m2:16:12 PM[22m [36m[1m[vite][22m[39m [90m[2m(client)[22m[39m [32mhmr update [39m[2m/src/Loader/GrapheneCell.jsx[22m
[2m2:16:12 PM[22m [36m[1m[vite][22m[39m [90m[2m(client)[22m[39m [32mhmr update [39m[2m/src/Loader/Loader.css[22m
